<?xml version="1.0" encoding="UTF-8"?>
<testsuite name="io.minelib.asset.AssetIndexTest" tests="2" skipped="0" failures="0" errors="0" timestamp="2026-04-04T04:29:03" hostname="runnervm727z3" time="0.012">
  <properties/>
  <testcase name="emptyObjectsMapDoesNotThrow()" classname="io.minelib.asset.AssetIndexTest" time="0.007"/>
  <testcase name="assetObjectRelativePathIsCorrect()" classname="io.minelib.asset.AssetIndexTest" time="0.004"/>
  <system-out><![CDATA[]]></system-out>
  <system-err><![CDATA[]]></system-err>
</testsuite>
