<?xml version="1.0" encoding="UTF-8"?>
<testsuite name="io.minelib.auth.PlayerProfileTest" tests="7" skipped="0" failures="0" errors="0" timestamp="2026-04-04T04:29:03" hostname="runnervm727z3" time="0.009">
  <properties/>
  <testcase name="buildsWithAllFields()" classname="io.minelib.auth.PlayerProfileTest" time="0.001"/>
  <testcase name="defaultUserTypeIsMsa()" classname="io.minelib.auth.PlayerProfileTest" time="0.001"/>
  <testcase name="throwsWhenAccessTokenMissing()" classname="io.minelib.auth.PlayerProfileTest" time="0.001"/>
  <testcase name="toStringDoesNotLeakAccessToken()" classname="io.minelib.auth.PlayerProfileTest" time="0.003"/>
  <testcase name="throwsWhenUsernameMissing()" classname="io.minelib.auth.PlayerProfileTest" time="0.0"/>
  <testcase name="throwsWhenUuidMissing()" classname="io.minelib.auth.PlayerProfileTest" time="0.0"/>
  <testcase name="throwsWhenUsernameIsBlank()" classname="io.minelib.auth.PlayerProfileTest" time="0.0"/>
  <system-out><![CDATA[]]></system-out>
  <system-err><![CDATA[]]></system-err>
</testsuite>
