<?xml version="1.0" encoding="UTF-8"?>
<testsuite name="io.minelib.library.LibraryManagerTest" tests="5" skipped="0" failures="0" errors="0" timestamp="2026-04-04T04:01:14" hostname="runnervm727z3" time="0.016">
  <properties/>
  <testcase name="resolveLibraries_includesLibraryWithAllowRule()" classname="io.minelib.library.LibraryManagerTest" time="0.004"/>
  <testcase name="resolveLibraries_includesUnconditionalLibrary()" classname="io.minelib.library.LibraryManagerTest" time="0.002"/>
  <testcase name="resolveLibraries_returnsEmptyListWhenNoLibraries()" classname="io.minelib.library.LibraryManagerTest" time="0.002"/>
  <testcase name="buildClasspath_endsWithClientJar()" classname="io.minelib.library.LibraryManagerTest" time="0.003"/>
  <testcase name="resolveLibraries_skipsLibraryWithDisallowRule()" classname="io.minelib.library.LibraryManagerTest" time="0.003"/>
  <system-out><![CDATA[]]></system-out>
  <system-err><![CDATA[]]></system-err>
</testsuite>
