<?xml version="1.0" encoding="UTF-8"?>
<testsuite name="io.minelib.launch.LaunchConfigTest" tests="9" skipped="0" failures="0" errors="0" timestamp="2026-04-04T04:29:03" hostname="runnervm727z3" time="0.03">
  <properties/>
  <testcase name="buildsWithRequiredFields()" classname="io.minelib.launch.LaunchConfigTest" time="0.007"/>
  <testcase name="extraArgsAreImmutable()" classname="io.minelib.launch.LaunchConfigTest" time="0.003"/>
  <testcase name="throwsWhenAuthProviderMissing()" classname="io.minelib.launch.LaunchConfigTest" time="0.003"/>
  <testcase name="throwsWhenMaxMemoryLessThanMin()" classname="io.minelib.launch.LaunchConfigTest" time="0.003"/>
  <testcase name="throwsWhenGameDirectoryMissing()" classname="io.minelib.launch.LaunchConfigTest" time="0.002"/>
  <testcase name="throwsWhenVersionMissing()" classname="io.minelib.launch.LaunchConfigTest" time="0.002"/>
  <testcase name="defaultsAreApplied()" classname="io.minelib.launch.LaunchConfigTest" time="0.002"/>
  <testcase name="throwsWhenJavaRuntimeMissing()" classname="io.minelib.launch.LaunchConfigTest" time="0.002"/>
  <testcase name="derivedDirectoriesDefaultToSubdirectoriesOfGameDir()" classname="io.minelib.launch.LaunchConfigTest" time="0.002"/>
  <system-out><![CDATA[]]></system-out>
  <system-err><![CDATA[]]></system-err>
</testsuite>
