<?xml version="1.0" encoding="UTF-8"?>
<testsuite name="io.minelib.MineLibTest" tests="5" skipped="0" failures="0" errors="0" timestamp="2026-04-04T04:29:03" hostname="runnervm727z3" time="0.251">
  <properties/>
  <testcase name="buildsWithCustomGameDirectory()" classname="io.minelib.MineLibTest" time="0.24"/>
  <testcase name="throwsWhenMaxConcurrentDownloadsIsZero()" classname="io.minelib.MineLibTest" time="0.001"/>
  <testcase name="acceptsPositiveConcurrentDownloads()" classname="io.minelib.MineLibTest" time="0.003"/>
  <testcase name="throwsWhenMaxConcurrentDownloadsIsNegative()" classname="io.minelib.MineLibTest" time="0.002"/>
  <testcase name="buildsWithDefaultGameDirectory()" classname="io.minelib.MineLibTest" time="0.001"/>
  <system-out><![CDATA[]]></system-out>
  <system-err><![CDATA[[Test worker] INFO io.minelib.MineLib - MineLib initialized with game directory: /tmp/junit15009884748337838491
[Test worker] INFO io.minelib.MineLib - MineLib initialized with game directory: /tmp/junit1685260009575176210
[Test worker] INFO io.minelib.MineLib - MineLib initialized with game directory: /home/runner/.minecraft
]]></system-err>
</testsuite>
