<?xml version="1.0" encoding="UTF-8"?>
<testsuite name="io.minelib.runtime.JavaRuntimeTest" tests="3" skipped="0" failures="0" errors="0" timestamp="2026-04-04T04:01:14" hostname="runnervm727z3" time="0.006">
  <properties/>
  <testcase name="javaExecutableIsUnderBinDirectory()" classname="io.minelib.runtime.JavaRuntimeTest" time="0.001"/>
  <testcase name="toStringContainsMajorVersion()" classname="io.minelib.runtime.JavaRuntimeTest" time="0.004"/>
  <testcase name="gettersReturnConstructorValues()" classname="io.minelib.runtime.JavaRuntimeTest" time="0.0"/>
  <system-out><![CDATA[]]></system-out>
  <system-err><![CDATA[]]></system-err>
</testsuite>
